<?xml version="1.0" encoding="UTF-8"?>
<!-- Generated by org.testng.reporters.JUnitReportReporter -->
<testsuite skipped="0" hostname="DESKTOP-30IUDU2" name="ca.amazon.tests.TC01VerifyLoginPageDisplay" tests="1" failures="0" timestamp="27 Sep 2018 16:45:11 GMT" time="18.487" errors="0">
  <testcase name="verifyLogin" time="18.487" classname="ca.amazon.tests.TC01VerifyLoginPageDisplay"/>
</testsuite> <!-- ca.amazon.tests.TC01VerifyLoginPageDisplay -->
